<?xml version="1.0" encoding="UTF-8"?>
<!-- Generated by org.testng.reporters.JUnitReportReporter -->
<testsuite skipped="0" hostname="ShreeOm" name="TestNG.AddressBookTest" tests="1" failures="0" timestamp="15 Aug 2018 16:08:20 GMT" time="36.524" errors="0">
  <testcase name="verfiylogin" time="36.524" classname="TestNG.AddressBookTest"/>
</testsuite> <!-- TestNG.AddressBookTest -->
